<?xml version="1.0" encoding="UTF-8"?>
<!-- Generated by org.testng.reporters.JUnitReportReporter -->
<testsuite hostname="USBLRTANRAWAT1" failures="0" tests="3" name="Tanuja.EndToEnd.EcommProjectTest" time="49.386" errors="0" timestamp="2024-04-30T18:44:31 IST" skipped="0">
  <testcase classname="Tanuja.EndToEnd.EcommProjectTest" name="execution" time="22.282"/>
  <system-out/>
  <testcase classname="Tanuja.EndToEnd.EcommProjectTest" name="execution" time="18.989"/>
  <system-out/>
  <testcase classname="Tanuja.EndToEnd.EcommProjectTest" name="orderListTest" time="8.115"/>
  <system-out/>
</testsuite> <!-- Tanuja.EndToEnd.EcommProjectTest -->
